[debug] [2026-05-19T10:33:39.303Z] ----------------------------------------------------------------------
[debug] [2026-05-19T10:33:39.304Z] Command:       /opt/homebrew/Cellar/node/25.9.0_2/bin/node /opt/homebrew/bin/firebase projects:list
[debug] [2026-05-19T10:33:39.305Z] CLI Version:   15.15.0
[debug] [2026-05-19T10:33:39.305Z] Platform:      darwin
[debug] [2026-05-19T10:33:39.305Z] Node Version:  v25.9.0
[debug] [2026-05-19T10:33:39.305Z] Time:          Tue May 19 2026 18:33:39 GMT+0800 (China Standard Time)
[debug] [2026-05-19T10:33:39.305Z] ----------------------------------------------------------------------
[debug] 
[debug] [2026-05-19T10:33:39.306Z] >>> [apiv2][query] GET https://firebase-public.firebaseio.com/cli.json [none]
[debug] [2026-05-19T10:33:39.311Z] > command requires scopes: ["email","openid","https://www.googleapis.com/auth/cloudplatformprojects.readonly","https://www.googleapis.com/auth/firebase","https://www.googleapis.com/auth/cloud-platform"]
[debug] [2026-05-19T10:33:39.312Z] > authorizing via signed-in user (max.c.lv@gmail.com)
[debug] [2026-05-19T10:33:39.315Z] Checked if tokens are valid: false, expires at: 1778934004444
[debug] [2026-05-19T10:33:39.315Z] Checked if tokens are valid: false, expires at: 1778934004444
[debug] [2026-05-19T10:33:39.315Z] > refreshing access token with scopes: []
[debug] [2026-05-19T10:33:39.315Z] >>> [apiv2][query] POST https://www.googleapis.com/oauth2/v3/token [none]
[debug] [2026-05-19T10:33:39.315Z] >>> [apiv2][body] POST https://www.googleapis.com/oauth2/v3/token [omitted]
[debug] [2026-05-19T10:33:39.830Z] <<< [apiv2][status] POST https://www.googleapis.com/oauth2/v3/token 200
[debug] [2026-05-19T10:33:39.830Z] <<< [apiv2][body] POST https://www.googleapis.com/oauth2/v3/token [omitted]
[debug] [2026-05-19T10:33:39.841Z] >>> [apiv2][query] GET https://firebase.googleapis.com/v1beta1/projects pageSize=1000
[debug] [2026-05-19T10:33:39.950Z] <<< [apiv2][status] GET https://firebase-public.firebaseio.com/cli.json 200
[debug] [2026-05-19T10:33:39.950Z] <<< [apiv2][body] GET https://firebase-public.firebaseio.com/cli.json {"cloudBuildErrorAfter":1594252800000,"cloudBuildWarnAfter":1590019200000,"defaultNode10After":1594252800000,"minVersion":"3.0.5","node8DeploysDisabledAfter":1613390400000,"node8RuntimeDisabledAfter":1615809600000,"node8WarnAfter":1600128000000}
[debug] [2026-05-19T10:33:40.749Z] <<< [apiv2][status] GET https://firebase.googleapis.com/v1beta1/projects 200
[debug] [2026-05-19T10:33:40.750Z] <<< [apiv2][body] GET https://firebase.googleapis.com/v1beta1/projects [omitted]
[info] ┌──────────────────────────┬──────────────────────────┬────────────────┬──────────────────────┐
│ Project Display Name     │ Project ID               │ Project Number │ Resource Location ID │
├──────────────────────────┼──────────────────────────┼────────────────┼──────────────────────┤
│ shadowsocks-android      │ admob-app-id-3330146721  │ 261400168171   │ us-central           │
├──────────────────────────┼──────────────────────────┼────────────────┼──────────────────────┤
│ bangumi                  │ bangumi-5d998            │ 615039005698   │ [Not specified]      │
├──────────────────────────┼──────────────────────────┼────────────────┼──────────────────────┤
│ bangumi-ios              │ bangumi-ios              │ 740865142345   │ [Not specified]      │
├──────────────────────────┼──────────────────────────┼────────────────┼──────────────────────┤
│ iogithubbaoliandeng      │ iogithubbaoliandeng      │ 714654969074   │ [Not specified]      │
├──────────────────────────┼──────────────────────────┼────────────────┼──────────────────────┤
│ iogithubbaoliandengmacos │ iogithubbaoliandengmacos │ 506841135278   │ [Not specified]      │
├──────────────────────────┼──────────────────────────┼────────────────┼──────────────────────┤
│ Meow                     │ meow-78538               │ 94832070861    │ [Not specified]      │
├──────────────────────────┼──────────────────────────┼────────────────┼──────────────────────┤
│ meow-ios                 │ meow-ios-2125b           │ 634173336877   │ [Not specified]      │
├──────────────────────────┼──────────────────────────┼────────────────┼──────────────────────┤
│ proxydroid               │ proxydroid-eebb6         │ 1096038627085  │ [Not specified]      │
└──────────────────────────┴──────────────────────────┴────────────────┴──────────────────────┘
[info] 
[info] 8 project(s) total.
[debug] [2026-05-19T10:33:50.770Z] Error: Timed out.
    at Timeout._onTimeout (/opt/homebrew/Cellar/firebase-cli/15.15.0/libexec/lib/node_modules/firebase-tools/lib/utils.js:309:49)
    at listOnTimeout (node:internal/timers:605:17)
    at process.processTimers (node:internal/timers:541:7)
[error] 
[error] Error: An unexpected error has occurred.
[debug] [2026-05-19T10:33:57.240Z] ----------------------------------------------------------------------
[debug] [2026-05-19T10:33:57.241Z] Command:       /opt/homebrew/Cellar/node/25.9.0_2/bin/node /opt/homebrew/bin/firebase appdistribution:distribute /Users/mlv/workspace/meow-ios/build/export-adhoc/meow-ios.ipa --app 1:634173336877:ios:74690155062764080b77a4 --groups beta --release-notes-file /Users/mlv/workspace/meow-ios/metadata/testflight/whats_new/2026051901.txt
[debug] [2026-05-19T10:33:57.241Z] CLI Version:   15.15.0
[debug] [2026-05-19T10:33:57.241Z] Platform:      darwin
[debug] [2026-05-19T10:33:57.241Z] Node Version:  v25.9.0
[debug] [2026-05-19T10:33:57.241Z] Time:          Tue May 19 2026 18:33:57 GMT+0800 (China Standard Time)
[debug] [2026-05-19T10:33:57.242Z] ----------------------------------------------------------------------
[debug] 
[debug] [2026-05-19T10:33:57.245Z] > command requires scopes: ["email","openid","https://www.googleapis.com/auth/cloudplatformprojects.readonly","https://www.googleapis.com/auth/firebase","https://www.googleapis.com/auth/cloud-platform"]
[debug] [2026-05-19T10:33:57.245Z] > authorizing via signed-in user (max.c.lv@gmail.com)
[info] i  uploading binary... 
[debug] [2026-05-19T10:33:57.246Z] Checked if tokens are valid: true, expires at: 1779190418830
[debug] [2026-05-19T10:33:57.246Z] Checked if tokens are valid: true, expires at: 1779190418830
[debug] [2026-05-19T10:33:57.247Z] >>> [apiv2][query] POST https://firebaseappdistribution.googleapis.com/upload/v1/projects/634173336877/apps/1:634173336877:ios:74690155062764080b77a4/releases:upload [none]
[debug] [2026-05-19T10:33:57.247Z] >>> [apiv2][body] POST https://firebaseappdistribution.googleapis.com/upload/v1/projects/634173336877/apps/1:634173336877:ios:74690155062764080b77a4/releases:upload [stream]
[debug] [2026-05-19T10:34:01.042Z] <<< [apiv2][status] POST https://firebaseappdistribution.googleapis.com/upload/v1/projects/634173336877/apps/1:634173336877:ios:74690155062764080b77a4/releases:upload 200
[debug] [2026-05-19T10:34:01.042Z] <<< [apiv2][body] POST https://firebaseappdistribution.googleapis.com/upload/v1/projects/634173336877/apps/1:634173336877:ios:74690155062764080b77a4/releases:upload {"name":"projects/634173336877/apps/1:634173336877:ios:74690155062764080b77a4/releases/-/operations/fafab7a327d97e58e57d29b59505ad7eb33383e953053f3f5495765019987386"}
[debug] [2026-05-19T10:34:01.043Z] Checked if tokens are valid: true, expires at: 1779190418830
[debug] [2026-05-19T10:34:01.043Z] Checked if tokens are valid: true, expires at: 1779190418830
[debug] [2026-05-19T10:34:01.043Z] >>> [apiv2][query] GET https://firebaseappdistribution.googleapis.com/v1/projects/634173336877/apps/1:634173336877:ios:74690155062764080b77a4/releases/-/operations/fafab7a327d97e58e57d29b59505ad7eb33383e953053f3f5495765019987386 [none]
[debug] [2026-05-19T10:34:01.612Z] <<< [apiv2][status] GET https://firebaseappdistribution.googleapis.com/v1/projects/634173336877/apps/1:634173336877:ios:74690155062764080b77a4/releases/-/operations/fafab7a327d97e58e57d29b59505ad7eb33383e953053f3f5495765019987386 200
[debug] [2026-05-19T10:34:01.613Z] <<< [apiv2][body] GET https://firebaseappdistribution.googleapis.com/v1/projects/634173336877/apps/1:634173336877:ios:74690155062764080b77a4/releases/-/operations/fafab7a327d97e58e57d29b59505ad7eb33383e953053f3f5495765019987386 {"name":"projects/634173336877/apps/1:634173336877:ios:74690155062764080b77a4/releases/-/operations/fafab7a327d97e58e57d29b59505ad7eb33383e953053f3f5495765019987386"}
[debug] [2026-05-19T10:34:03.615Z] [App Distribution Upload Poller] Retrying task index 0
[debug] [2026-05-19T10:34:03.615Z] Checked if tokens are valid: true, expires at: 1779190418830
[debug] [2026-05-19T10:34:03.615Z] Checked if tokens are valid: true, expires at: 1779190418830
[debug] [2026-05-19T10:34:03.615Z] >>> [apiv2][query] GET https://firebaseappdistribution.googleapis.com/v1/projects/634173336877/apps/1:634173336877:ios:74690155062764080b77a4/releases/-/operations/fafab7a327d97e58e57d29b59505ad7eb33383e953053f3f5495765019987386 [none]
[debug] [2026-05-19T10:34:04.439Z] <<< [apiv2][status] GET https://firebaseappdistribution.googleapis.com/v1/projects/634173336877/apps/1:634173336877:ios:74690155062764080b77a4/releases/-/operations/fafab7a327d97e58e57d29b59505ad7eb33383e953053f3f5495765019987386 200
[debug] [2026-05-19T10:34:04.440Z] <<< [apiv2][body] GET https://firebaseappdistribution.googleapis.com/v1/projects/634173336877/apps/1:634173336877:ios:74690155062764080b77a4/releases/-/operations/fafab7a327d97e58e57d29b59505ad7eb33383e953053f3f5495765019987386 {"name":"projects/634173336877/apps/1:634173336877:ios:74690155062764080b77a4/releases/-/operations/fafab7a327d97e58e57d29b59505ad7eb33383e953053f3f5495765019987386","done":true,"response":{"@type":"type.googleapis.com/google.firebase.appdistro.v1.UploadReleaseResponse","result":"RELEASE_CREATED","release":{"name":"projects/634173336877/apps/1:634173336877:ios:74690155062764080b77a4/releases/6u2u1le326aq0","displayVersion":"1.3.1","buildVersion":"2026051810","createTime":"2026-05-19T10:34:02.347604Z","firebaseConsoleUri":"https://console.firebase.google.com/project/meow-ios-2125b/appdistribution/app/ios:io.github.madeye.meow/releases/6u2u1le326aq0?utm_source=firebase-tools","testingUri":"https://appdistribution.firebase.google.com/testerapps/1:634173336877:ios:74690155062764080b77a4/releases/6u2u1le326aq0?utm_source=firebase-tools","binaryDownloadUri":"https://firebaseappdistribution.googleapis.com/app-binary-downloads/projects/634173336877/apps/1:634173336877:ios:74690155062764080b77a4/releases/6u2u1le326aq0/binaries/fafab7a327d97e58e57d29b59505ad7eb33383e953053f3f5495765019987386/app.ipa?utm_source=firebase-tools&token=APM0tkIAAAAAagxKrBO0vFRaM426ayZqDSyqpMtRt3hqxYhuq0ilzo3Z3WNUMmwLm3pfzjI7-FOoF5hVmL3MelqRU4zyPg4XfRvcax4dTL4ObsUsK19cS5dSfv-JXvnLWDmmLMhb2uon7mYfUW8ZpQenMjM71DCjorvHz3JeED7Es2Xft9jtKVCNAmA0pZFBAAN1UwRwwqpGDxVWEI4yvWmBYUt3BPwofLKzPKdLDGUYNQcBNuP83wi8XSTPx-apagWOy2ErhrK7Xk_68ojtUzWnlyaxnRsMVhnECo0_kE4RPfR4ujqibNbNIZR0ElK4j6Vel8VrKt2oiIN5OfhZfbAEYf_tRUkSkMgrBbQ","updateTime":"2026-05-19T10:34:02.551930Z","expireTime":"2026-10-16T10:34:02.347604Z"}}}
[info] ✔  uploaded new release 1.3.1 (2026051810) successfully! 
[info] ✔  View this release in the Firebase console: https://console.firebase.google.com/project/meow-ios-2125b/appdistribution/app/ios:io.github.madeye.meow/releases/6u2u1le326aq0?utm_source=firebase-tools 
[info] ✔  Share this release with testers who have access: https://appdistribution.firebase.google.com/testerapps/1:634173336877:ios:74690155062764080b77a4/releases/6u2u1le326aq0?utm_source=firebase-tools 
[info] ✔  Download the release binary (link expires in 1 hour): https://firebaseappdistribution.googleapis.com/app-binary-downloads/projects/634173336877/apps/1:634173336877:ios:74690155062764080b77a4/releases/6u2u1le326aq0/binaries/fafab7a327d97e58e57d29b59505ad7eb33383e953053f3f5495765019987386/app.ipa?utm_source=firebase-tools&token=APM0tkIAAAAAagxKrBO0vFRaM426ayZqDSyqpMtRt3hqxYhuq0ilzo3Z3WNUMmwLm3pfzjI7-FOoF5hVmL3MelqRU4zyPg4XfRvcax4dTL4ObsUsK19cS5dSfv-JXvnLWDmmLMhb2uon7mYfUW8ZpQenMjM71DCjorvHz3JeED7Es2Xft9jtKVCNAmA0pZFBAAN1UwRwwqpGDxVWEI4yvWmBYUt3BPwofLKzPKdLDGUYNQcBNuP83wi8XSTPx-apagWOy2ErhrK7Xk_68ojtUzWnlyaxnRsMVhnECo0_kE4RPfR4ujqibNbNIZR0ElK4j6Vel8VrKt2oiIN5OfhZfbAEYf_tRUkSkMgrBbQ 
[info] i  updating release notes... 
[debug] [2026-05-19T10:34:04.441Z] Checked if tokens are valid: true, expires at: 1779190418830
[debug] [2026-05-19T10:34:04.441Z] Checked if tokens are valid: true, expires at: 1779190418830
[debug] [2026-05-19T10:34:04.441Z] >>> [apiv2][query] PATCH https://firebaseappdistribution.googleapis.com/v1/projects/634173336877/apps/1:634173336877:ios:74690155062764080b77a4/releases/6u2u1le326aq0 updateMask=release_notes.text
[debug] [2026-05-19T10:34:04.441Z] >>> [apiv2][body] PATCH https://firebaseappdistribution.googleapis.com/v1/projects/634173336877/apps/1:634173336877:ios:74690155062764080b77a4/releases/6u2u1le326aq0 {"name":"projects/634173336877/apps/1:634173336877:ios:74690155062764080b77a4/releases/6u2u1le326aq0","releaseNotes":{"text":"Build 2026051901 (1.3.1)\n\nWHAT'S NEW\n• Fixes the long-standing DIRECT-rule TCP 断流 (3WHS completes, app\n  hangs ~30 s, then errors out). Investigation in\n  docs/INVESTIGATION-2026-05-18-tcp-direct-rule-disconnect.md.\n  Three-layer defence, all on by default:\n  – TUN MTU clamped to 1400. iOS app's TCP stack now advertises\n    MSS=1360 at the SYN boundary; all payloads entering the TUN\n    are small enough that mihomo's upstream socket emits segments\n    fitting inside even pathological cellular path MTUs (1428,\n    1380, etc.) without relying on PMTUD — which routinely\n    black-holes on CN routes where ICMP Frag-Needed is filtered.\n    Same conservative default as Surge / Quantumult X / Loon.\n    The actual fix in the user-reported reproduction.\n  – Per-flow dial-deadline watchdog in dispatch_tcp (default 10 s,\n    runtime-tunable). On expiry, drops the relay future so the app\n    sees a RST in 10 s instead of a 30 s black-hole hang; mihomo\n    session cleanup runs via ConnectionGuard's Drop.\n  – Per-UDP-session first-reply deadline (default 10 s). Bounds\n    only the *first* read_packet on a new UDP NAT entry, so a\n    session whose outbound sendto was silently dropped by iOS's\n    auto-bypass gets evicted and the next datagram dispatches a\n    fresh socket against a refreshed iOS route. Quiet-but-live\n    sessions (NAT keepalive, long-poll) are unaffected.\n\n• mihomo-rust pinned to a post-v0.7.6 rev to pick up\n  DirectAdapter::with_connect_timeout (madeye/mihomo-rust#86).\n  API compiles in but not yet wired through YAML — the FFI\n  watchdogs above are doing the work in this build.\n\n• netstack-smoltcp fork aligned to MTU=1500 (was 1504 with a\n  bogus \"+4 for VLAN\" allowance from upstream).\n\nKNOWN\n• Non-DNS UDP forwarding still pending (QUIC/HTTP3 degraded to TCP).\n• Path-change-driven dynamic MTU clamping (NWPathMonitor +\n  getifaddrs/SIOCGIFMTU) is deferred until we measure whether the\n  static 1400 clamp is leaving real Wi-Fi throughput on the table.\n\nFOR TESTERS\n• Specifically retry destinations that previously surfaced\n  \"page hangs for ~30 s then errors\" through DIRECT-routed flows.\n  If you still see 断流, please grab the log streamed from the\n  PacketTunnel subsystem (Console.app → predicate\n  `subsystem == \"io.github.madeye.meow\"`) and look for\n  `tun2socks: dial deadline exceeded` or\n  `tun2socks: UDP first-reply-deadline` lines — those tell us\n  which watchdog fired.\n• Cellular vs Wi-Fi: the MTU=1400 clamp is the same on both. If\n  Wi-Fi-side throughput regresses noticeably (the conservative\n  clamp can leave ~6% on the table on paths that didn't need it),\n  please report — that's the signal for prioritising the dynamic\n  NWPathMonitor work.\n"}}
[debug] [2026-05-19T10:34:05.420Z] <<< [apiv2][status] PATCH https://firebaseappdistribution.googleapis.com/v1/projects/634173336877/apps/1:634173336877:ios:74690155062764080b77a4/releases/6u2u1le326aq0 200
[debug] [2026-05-19T10:34:05.420Z] <<< [apiv2][body] PATCH https://firebaseappdistribution.googleapis.com/v1/projects/634173336877/apps/1:634173336877:ios:74690155062764080b77a4/releases/6u2u1le326aq0 {"name":"projects/634173336877/apps/1:634173336877:ios:74690155062764080b77a4/releases/6u2u1le326aq0","releaseNotes":{"text":"Build 2026051901 (1.3.1)\n\nWHAT'S NEW\n• Fixes the long-standing DIRECT-rule TCP 断流 (3WHS completes, app\n  hangs ~30 s, then errors out). Investigation in\n  docs/INVESTIGATION-2026-05-18-tcp-direct-rule-disconnect.md.\n  Three-layer defence, all on by default:\n  – TUN MTU clamped to 1400. iOS app's TCP stack now advertises\n    MSS=1360 at the SYN boundary; all payloads entering the TUN\n    are small enough that mihomo's upstream socket emits segments\n    fitting inside even pathological cellular path MTUs (1428,\n    1380, etc.) without relying on PMTUD — which routinely\n    black-holes on CN routes where ICMP Frag-Needed is filtered.\n    Same conservative default as Surge / Quantumult X / Loon.\n    The actual fix in the user-reported reproduction.\n  – Per-flow dial-deadline watchdog in dispatch_tcp (default 10 s,\n    runtime-tunable). On expiry, drops the relay future so the app\n    sees a RST in 10 s instead of a 30 s black-hole hang; mihomo\n    session cleanup runs via ConnectionGuard's Drop.\n  – Per-UDP-session first-reply deadline (default 10 s). Bounds\n    only the *first* read_packet on a new UDP NAT entry, so a\n    session whose outbound sendto was silently dropped by iOS's\n    auto-bypass gets evicted and the next datagram dispatches a\n    fresh socket against a refreshed iOS route. Quiet-but-live\n    sessions (NAT keepalive, long-poll) are unaffected.\n\n• mihomo-rust pinned to a post-v0.7.6 rev to pick up\n  DirectAdapter::with_connect_timeout (madeye/mihomo-rust#86).\n  API compiles in but not yet wired through YAML — the FFI\n  watchdogs above are doing the work in this build.\n\n• netstack-smoltcp fork aligned to MTU=1500 (was 1504 with a\n  bogus \"+4 for VLAN\" allowance from upstream).\n\nKNOWN\n• Non-DNS UDP forwarding still pending (QUIC/HTTP3 degraded to TCP).\n• Path-change-driven dynamic MTU clamping (NWPathMonitor +\n  getifaddrs/SIOCGIFMTU) is deferred until we measure whether the\n  static 1400 clamp is leaving real Wi-Fi throughput on the table.\n\nFOR TESTERS\n• Specifically retry destinations that previously surfaced\n  \"page hangs for ~30 s then errors\" through DIRECT-routed flows.\n  If you still see 断流, please grab the log streamed from the\n  PacketTunnel subsystem (Console.app → predicate\n  `subsystem == \"io.github.madeye.meow\"`) and look for\n  `tun2socks: dial deadline exceeded` or\n  `tun2socks: UDP first-reply-deadline` lines — those tell us\n  which watchdog fired.\n• Cellular vs Wi-Fi: the MTU=1400 clamp is the same on both. If\n  Wi-Fi-side throughput regresses noticeably (the conservative\n  clamp can leave ~6% on the table on paths that didn't need it),\n  please report — that's the signal for prioritising the dynamic\n  NWPathMonitor work.\n"},"displayVersion":"1.3.1","buildVersion":"2026051810","createTime":"2026-05-19T10:34:02.347604Z","firebaseConsoleUri":"https://console.firebase.google.com/project/meow-ios-2125b/appdistribution/app/ios:io.github.madeye.meow/releases/6u2u1le326aq0?utm_source=firebase-tools","testingUri":"https://appdistribution.firebase.google.com/testerapps/1:634173336877:ios:74690155062764080b77a4/releases/6u2u1le326aq0?utm_source=firebase-tools","binaryDownloadUri":"https://firebaseappdistribution.googleapis.com/app-binary-downloads/projects/634173336877/apps/1:634173336877:ios:74690155062764080b77a4/releases/6u2u1le326aq0/binaries/fafab7a327d97e58e57d29b59505ad7eb33383e953053f3f5495765019987386/app.ipa?utm_source=firebase-tools&token=APM0tkIAAAAAagxKrbrCi_7kTMczqYhZFK2qt3IXBxwwx9wVHNphtKHw_y_A60ih9nX6kXz3zU5XogdsN3waLPL1rxSQfoIVob_DBbqEYCCGQSkFb1jyLk7i9JB5vyVP40bA86sLYu6EPX0skig_cwIG2a-Qe6rMUYV8Z2znrwSKvBqbeEMKL-fUaP3L1Bcp5tzzVNlDpquNE97tGBh48oUG5GUiLgAc5Py6Mst3mUZVtmIXJm4G-dKeq_yEeuK_LfOhmZdPfCKIkiTZACywxBEFmmidxFzFPx3ssuCR0JXgAJjV93hH2G5NuoNM9OHMDTUaxl8T0vgwtM16ZinlkaOn5ydcmF7j8WAFTGw","updateTime":"2026-05-19T10:34:05.530751Z","expireTime":"2026-10-16T10:34:02.347604Z"}
[info] ✔  added release notes successfully 
[info] i  distributing to testers/groups... 
[debug] [2026-05-19T10:34:05.421Z] Checked if tokens are valid: true, expires at: 1779190418830
[debug] [2026-05-19T10:34:05.421Z] Checked if tokens are valid: true, expires at: 1779190418830
[debug] [2026-05-19T10:34:05.421Z] >>> [apiv2][query] POST https://firebaseappdistribution.googleapis.com/v1/projects/634173336877/apps/1:634173336877:ios:74690155062764080b77a4/releases/6u2u1le326aq0:distribute [none]
[debug] [2026-05-19T10:34:05.421Z] >>> [apiv2][body] POST https://firebaseappdistribution.googleapis.com/v1/projects/634173336877/apps/1:634173336877:ios:74690155062764080b77a4/releases/6u2u1le326aq0:distribute {"testerEmails":[],"groupAliases":["beta"]}
[debug] [2026-05-19T10:34:07.300Z] <<< [apiv2][status] POST https://firebaseappdistribution.googleapis.com/v1/projects/634173336877/apps/1:634173336877:ios:74690155062764080b77a4/releases/6u2u1le326aq0:distribute 200
[debug] [2026-05-19T10:34:07.300Z] <<< [apiv2][body] POST https://firebaseappdistribution.googleapis.com/v1/projects/634173336877/apps/1:634173336877:ios:74690155062764080b77a4/releases/6u2u1le326aq0:distribute {}
[info] ✔  distributed to testers/groups successfully 
[debug] [2026-05-19T10:34:17.308Z] Error: Timed out.
    at Timeout._onTimeout (/opt/homebrew/Cellar/firebase-cli/15.15.0/libexec/lib/node_modules/firebase-tools/lib/utils.js:309:49)
    at listOnTimeout (node:internal/timers:605:17)
    at process.processTimers (node:internal/timers:541:7)
[error] 
[error] Error: An unexpected error has occurred.
[debug] [2026-05-19T10:35:48.380Z] ----------------------------------------------------------------------
[debug] [2026-05-19T10:35:48.381Z] Command:       /opt/homebrew/Cellar/node/25.9.0_2/bin/node /opt/homebrew/bin/firebase appdistribution:distribute /Users/mlv/workspace/meow-ios/build/export-adhoc/meow-ios.ipa --app 1:634173336877:ios:74690155062764080b77a4 --groups beta --release-notes-file /Users/mlv/workspace/meow-ios/metadata/testflight/whats_new/2026051901.txt
[debug] [2026-05-19T10:35:48.381Z] CLI Version:   15.15.0
[debug] [2026-05-19T10:35:48.381Z] Platform:      darwin
[debug] [2026-05-19T10:35:48.381Z] Node Version:  v25.9.0
[debug] [2026-05-19T10:35:48.381Z] Time:          Tue May 19 2026 18:35:48 GMT+0800 (China Standard Time)
[debug] [2026-05-19T10:35:48.381Z] ----------------------------------------------------------------------
[debug] 
[debug] [2026-05-19T10:35:48.384Z] > command requires scopes: ["email","openid","https://www.googleapis.com/auth/cloudplatformprojects.readonly","https://www.googleapis.com/auth/firebase","https://www.googleapis.com/auth/cloud-platform"]
[debug] [2026-05-19T10:35:48.384Z] > authorizing via signed-in user (max.c.lv@gmail.com)
[info] i  uploading binary... 
[debug] [2026-05-19T10:35:48.385Z] Checked if tokens are valid: true, expires at: 1779190418830
[debug] [2026-05-19T10:35:48.386Z] Checked if tokens are valid: true, expires at: 1779190418830
[debug] [2026-05-19T10:35:48.386Z] >>> [apiv2][query] POST https://firebaseappdistribution.googleapis.com/upload/v1/projects/634173336877/apps/1:634173336877:ios:74690155062764080b77a4/releases:upload [none]
[debug] [2026-05-19T10:35:48.386Z] >>> [apiv2][body] POST https://firebaseappdistribution.googleapis.com/upload/v1/projects/634173336877/apps/1:634173336877:ios:74690155062764080b77a4/releases:upload [stream]
[debug] [2026-05-19T10:35:53.248Z] <<< [apiv2][status] POST https://firebaseappdistribution.googleapis.com/upload/v1/projects/634173336877/apps/1:634173336877:ios:74690155062764080b77a4/releases:upload 200
[debug] [2026-05-19T10:35:53.249Z] <<< [apiv2][body] POST https://firebaseappdistribution.googleapis.com/upload/v1/projects/634173336877/apps/1:634173336877:ios:74690155062764080b77a4/releases:upload {"name":"projects/634173336877/apps/1:634173336877:ios:74690155062764080b77a4/releases/-/operations/9a7d4beb6689857d50f4bb04da052b6c8946bf8a361cebd6abc00385f3bde8a9"}
[debug] [2026-05-19T10:35:53.249Z] Checked if tokens are valid: true, expires at: 1779190418830
[debug] [2026-05-19T10:35:53.249Z] Checked if tokens are valid: true, expires at: 1779190418830
[debug] [2026-05-19T10:35:53.250Z] >>> [apiv2][query] GET https://firebaseappdistribution.googleapis.com/v1/projects/634173336877/apps/1:634173336877:ios:74690155062764080b77a4/releases/-/operations/9a7d4beb6689857d50f4bb04da052b6c8946bf8a361cebd6abc00385f3bde8a9 [none]
[debug] [2026-05-19T10:35:53.852Z] <<< [apiv2][status] GET https://firebaseappdistribution.googleapis.com/v1/projects/634173336877/apps/1:634173336877:ios:74690155062764080b77a4/releases/-/operations/9a7d4beb6689857d50f4bb04da052b6c8946bf8a361cebd6abc00385f3bde8a9 200
[debug] [2026-05-19T10:35:53.852Z] <<< [apiv2][body] GET https://firebaseappdistribution.googleapis.com/v1/projects/634173336877/apps/1:634173336877:ios:74690155062764080b77a4/releases/-/operations/9a7d4beb6689857d50f4bb04da052b6c8946bf8a361cebd6abc00385f3bde8a9 {"name":"projects/634173336877/apps/1:634173336877:ios:74690155062764080b77a4/releases/-/operations/9a7d4beb6689857d50f4bb04da052b6c8946bf8a361cebd6abc00385f3bde8a9"}
[debug] [2026-05-19T10:35:55.854Z] [App Distribution Upload Poller] Retrying task index 0
[debug] [2026-05-19T10:35:55.854Z] Checked if tokens are valid: true, expires at: 1779190418830
[debug] [2026-05-19T10:35:55.854Z] Checked if tokens are valid: true, expires at: 1779190418830
[debug] [2026-05-19T10:35:55.855Z] >>> [apiv2][query] GET https://firebaseappdistribution.googleapis.com/v1/projects/634173336877/apps/1:634173336877:ios:74690155062764080b77a4/releases/-/operations/9a7d4beb6689857d50f4bb04da052b6c8946bf8a361cebd6abc00385f3bde8a9 [none]
[debug] [2026-05-19T10:35:56.581Z] <<< [apiv2][status] GET https://firebaseappdistribution.googleapis.com/v1/projects/634173336877/apps/1:634173336877:ios:74690155062764080b77a4/releases/-/operations/9a7d4beb6689857d50f4bb04da052b6c8946bf8a361cebd6abc00385f3bde8a9 200
[debug] [2026-05-19T10:35:56.581Z] <<< [apiv2][body] GET https://firebaseappdistribution.googleapis.com/v1/projects/634173336877/apps/1:634173336877:ios:74690155062764080b77a4/releases/-/operations/9a7d4beb6689857d50f4bb04da052b6c8946bf8a361cebd6abc00385f3bde8a9 {"name":"projects/634173336877/apps/1:634173336877:ios:74690155062764080b77a4/releases/-/operations/9a7d4beb6689857d50f4bb04da052b6c8946bf8a361cebd6abc00385f3bde8a9","done":true,"response":{"@type":"type.googleapis.com/google.firebase.appdistro.v1.UploadReleaseResponse","result":"RELEASE_CREATED","release":{"name":"projects/634173336877/apps/1:634173336877:ios:74690155062764080b77a4/releases/6nvcn3fkak0ng","displayVersion":"1.3.1","buildVersion":"2026051901","createTime":"2026-05-19T10:35:54.497233Z","firebaseConsoleUri":"https://console.firebase.google.com/project/meow-ios-2125b/appdistribution/app/ios:io.github.madeye.meow/releases/6nvcn3fkak0ng?utm_source=firebase-tools","testingUri":"https://appdistribution.firebase.google.com/testerapps/1:634173336877:ios:74690155062764080b77a4/releases/6nvcn3fkak0ng?utm_source=firebase-tools","binaryDownloadUri":"https://firebaseappdistribution.googleapis.com/app-binary-downloads/projects/634173336877/apps/1:634173336877:ios:74690155062764080b77a4/releases/6nvcn3fkak0ng/binaries/9a7d4beb6689857d50f4bb04da052b6c8946bf8a361cebd6abc00385f3bde8a9/app.ipa?utm_source=firebase-tools&token=APM0tkIAAAAAagxLHEP7X22W_pjwV42g1xrFCSbUU6zVP_hnGgb70APbWcJQsWllWKwDa0LItkLn3ReFGDBkDTktxPMKVLKxbTajDi1o1LUJp0R3xoHqI7x3Lj4lE1YB7x9DwaKlYkp84uno0N2I1R2rUN76k_P-DZm_zb94ZYiH2qjfCAM0RNtQnF6-wGoHrvSk7qawG06nd6jGeyNryGhCsLDPm6BuYqDkxt5NebRjnsczXKstIE1IgIJIQpCHXviRWxH71RGqfErTvIVSRub0hDC3ouJCB8phinP0TaBshH51lYXjVc_l8OrrvmI_Mz-Gut1HeNzOLhSmBZx88dsMQoi4HC3LGMjBLoc","updateTime":"2026-05-19T10:35:54.708392Z","expireTime":"2026-10-16T10:35:54.497233Z"}}}
[info] ✔  uploaded new release 1.3.1 (2026051901) successfully! 
[info] ✔  View this release in the Firebase console: https://console.firebase.google.com/project/meow-ios-2125b/appdistribution/app/ios:io.github.madeye.meow/releases/6nvcn3fkak0ng?utm_source=firebase-tools 
[info] ✔  Share this release with testers who have access: https://appdistribution.firebase.google.com/testerapps/1:634173336877:ios:74690155062764080b77a4/releases/6nvcn3fkak0ng?utm_source=firebase-tools 
[info] ✔  Download the release binary (link expires in 1 hour): https://firebaseappdistribution.googleapis.com/app-binary-downloads/projects/634173336877/apps/1:634173336877:ios:74690155062764080b77a4/releases/6nvcn3fkak0ng/binaries/9a7d4beb6689857d50f4bb04da052b6c8946bf8a361cebd6abc00385f3bde8a9/app.ipa?utm_source=firebase-tools&token=APM0tkIAAAAAagxLHEP7X22W_pjwV42g1xrFCSbUU6zVP_hnGgb70APbWcJQsWllWKwDa0LItkLn3ReFGDBkDTktxPMKVLKxbTajDi1o1LUJp0R3xoHqI7x3Lj4lE1YB7x9DwaKlYkp84uno0N2I1R2rUN76k_P-DZm_zb94ZYiH2qjfCAM0RNtQnF6-wGoHrvSk7qawG06nd6jGeyNryGhCsLDPm6BuYqDkxt5NebRjnsczXKstIE1IgIJIQpCHXviRWxH71RGqfErTvIVSRub0hDC3ouJCB8phinP0TaBshH51lYXjVc_l8OrrvmI_Mz-Gut1HeNzOLhSmBZx88dsMQoi4HC3LGMjBLoc 
[info] i  updating release notes... 
[debug] [2026-05-19T10:35:56.582Z] Checked if tokens are valid: true, expires at: 1779190418830
[debug] [2026-05-19T10:35:56.582Z] Checked if tokens are valid: true, expires at: 1779190418830
[debug] [2026-05-19T10:35:56.583Z] >>> [apiv2][query] PATCH https://firebaseappdistribution.googleapis.com/v1/projects/634173336877/apps/1:634173336877:ios:74690155062764080b77a4/releases/6nvcn3fkak0ng updateMask=release_notes.text
[debug] [2026-05-19T10:35:56.583Z] >>> [apiv2][body] PATCH https://firebaseappdistribution.googleapis.com/v1/projects/634173336877/apps/1:634173336877:ios:74690155062764080b77a4/releases/6nvcn3fkak0ng {"name":"projects/634173336877/apps/1:634173336877:ios:74690155062764080b77a4/releases/6nvcn3fkak0ng","releaseNotes":{"text":"Build 2026051901 (1.3.1)\n\nWHAT'S NEW\n• Fixes the long-standing DIRECT-rule TCP 断流 (3WHS completes, app\n  hangs ~30 s, then errors out). Investigation in\n  docs/INVESTIGATION-2026-05-18-tcp-direct-rule-disconnect.md.\n  Three-layer defence, all on by default:\n  – TUN MTU clamped to 1400. iOS app's TCP stack now advertises\n    MSS=1360 at the SYN boundary; all payloads entering the TUN\n    are small enough that mihomo's upstream socket emits segments\n    fitting inside even pathological cellular path MTUs (1428,\n    1380, etc.) without relying on PMTUD — which routinely\n    black-holes on CN routes where ICMP Frag-Needed is filtered.\n    Same conservative default as Surge / Quantumult X / Loon.\n    The actual fix in the user-reported reproduction.\n  – Per-flow dial-deadline watchdog in dispatch_tcp (default 10 s,\n    runtime-tunable). On expiry, drops the relay future so the app\n    sees a RST in 10 s instead of a 30 s black-hole hang; mihomo\n    session cleanup runs via ConnectionGuard's Drop.\n  – Per-UDP-session first-reply deadline (default 10 s). Bounds\n    only the *first* read_packet on a new UDP NAT entry, so a\n    session whose outbound sendto was silently dropped by iOS's\n    auto-bypass gets evicted and the next datagram dispatches a\n    fresh socket against a refreshed iOS route. Quiet-but-live\n    sessions (NAT keepalive, long-poll) are unaffected.\n\n• mihomo-rust pinned to a post-v0.7.6 rev to pick up\n  DirectAdapter::with_connect_timeout (madeye/mihomo-rust#86).\n  API compiles in but not yet wired through YAML — the FFI\n  watchdogs above are doing the work in this build.\n\n• netstack-smoltcp fork aligned to MTU=1500 (was 1504 with a\n  bogus \"+4 for VLAN\" allowance from upstream).\n\nKNOWN\n• Non-DNS UDP forwarding still pending (QUIC/HTTP3 degraded to TCP).\n• Path-change-driven dynamic MTU clamping (NWPathMonitor +\n  getifaddrs/SIOCGIFMTU) is deferred until we measure whether the\n  static 1400 clamp is leaving real Wi-Fi throughput on the table.\n\nFOR TESTERS\n• Specifically retry destinations that previously surfaced\n  \"page hangs for ~30 s then errors\" through DIRECT-routed flows.\n  If you still see 断流, please grab the log streamed from the\n  PacketTunnel subsystem (Console.app → predicate\n  `subsystem == \"io.github.madeye.meow\"`) and look for\n  `tun2socks: dial deadline exceeded` or\n  `tun2socks: UDP first-reply-deadline` lines — those tell us\n  which watchdog fired.\n• Cellular vs Wi-Fi: the MTU=1400 clamp is the same on both. If\n  Wi-Fi-side throughput regresses noticeably (the conservative\n  clamp can leave ~6% on the table on paths that didn't need it),\n  please report — that's the signal for prioritising the dynamic\n  NWPathMonitor work.\n"}}
[debug] [2026-05-19T10:35:57.648Z] <<< [apiv2][status] PATCH https://firebaseappdistribution.googleapis.com/v1/projects/634173336877/apps/1:634173336877:ios:74690155062764080b77a4/releases/6nvcn3fkak0ng 200
[debug] [2026-05-19T10:35:57.648Z] <<< [apiv2][body] PATCH https://firebaseappdistribution.googleapis.com/v1/projects/634173336877/apps/1:634173336877:ios:74690155062764080b77a4/releases/6nvcn3fkak0ng {"name":"projects/634173336877/apps/1:634173336877:ios:74690155062764080b77a4/releases/6nvcn3fkak0ng","releaseNotes":{"text":"Build 2026051901 (1.3.1)\n\nWHAT'S NEW\n• Fixes the long-standing DIRECT-rule TCP 断流 (3WHS completes, app\n  hangs ~30 s, then errors out). Investigation in\n  docs/INVESTIGATION-2026-05-18-tcp-direct-rule-disconnect.md.\n  Three-layer defence, all on by default:\n  – TUN MTU clamped to 1400. iOS app's TCP stack now advertises\n    MSS=1360 at the SYN boundary; all payloads entering the TUN\n    are small enough that mihomo's upstream socket emits segments\n    fitting inside even pathological cellular path MTUs (1428,\n    1380, etc.) without relying on PMTUD — which routinely\n    black-holes on CN routes where ICMP Frag-Needed is filtered.\n    Same conservative default as Surge / Quantumult X / Loon.\n    The actual fix in the user-reported reproduction.\n  – Per-flow dial-deadline watchdog in dispatch_tcp (default 10 s,\n    runtime-tunable). On expiry, drops the relay future so the app\n    sees a RST in 10 s instead of a 30 s black-hole hang; mihomo\n    session cleanup runs via ConnectionGuard's Drop.\n  – Per-UDP-session first-reply deadline (default 10 s). Bounds\n    only the *first* read_packet on a new UDP NAT entry, so a\n    session whose outbound sendto was silently dropped by iOS's\n    auto-bypass gets evicted and the next datagram dispatches a\n    fresh socket against a refreshed iOS route. Quiet-but-live\n    sessions (NAT keepalive, long-poll) are unaffected.\n\n• mihomo-rust pinned to a post-v0.7.6 rev to pick up\n  DirectAdapter::with_connect_timeout (madeye/mihomo-rust#86).\n  API compiles in but not yet wired through YAML — the FFI\n  watchdogs above are doing the work in this build.\n\n• netstack-smoltcp fork aligned to MTU=1500 (was 1504 with a\n  bogus \"+4 for VLAN\" allowance from upstream).\n\nKNOWN\n• Non-DNS UDP forwarding still pending (QUIC/HTTP3 degraded to TCP).\n• Path-change-driven dynamic MTU clamping (NWPathMonitor +\n  getifaddrs/SIOCGIFMTU) is deferred until we measure whether the\n  static 1400 clamp is leaving real Wi-Fi throughput on the table.\n\nFOR TESTERS\n• Specifically retry destinations that previously surfaced\n  \"page hangs for ~30 s then errors\" through DIRECT-routed flows.\n  If you still see 断流, please grab the log streamed from the\n  PacketTunnel subsystem (Console.app → predicate\n  `subsystem == \"io.github.madeye.meow\"`) and look for\n  `tun2socks: dial deadline exceeded` or\n  `tun2socks: UDP first-reply-deadline` lines — those tell us\n  which watchdog fired.\n• Cellular vs Wi-Fi: the MTU=1400 clamp is the same on both. If\n  Wi-Fi-side throughput regresses noticeably (the conservative\n  clamp can leave ~6% on the table on paths that didn't need it),\n  please report — that's the signal for prioritising the dynamic\n  NWPathMonitor work.\n"},"displayVersion":"1.3.1","buildVersion":"2026051901","createTime":"2026-05-19T10:35:54.497233Z","firebaseConsoleUri":"https://console.firebase.google.com/project/meow-ios-2125b/appdistribution/app/ios:io.github.madeye.meow/releases/6nvcn3fkak0ng?utm_source=firebase-tools","testingUri":"https://appdistribution.firebase.google.com/testerapps/1:634173336877:ios:74690155062764080b77a4/releases/6nvcn3fkak0ng?utm_source=firebase-tools","binaryDownloadUri":"https://firebaseappdistribution.googleapis.com/app-binary-downloads/projects/634173336877/apps/1:634173336877:ios:74690155062764080b77a4/releases/6nvcn3fkak0ng/binaries/9a7d4beb6689857d50f4bb04da052b6c8946bf8a361cebd6abc00385f3bde8a9/app.ipa?utm_source=firebase-tools&token=APM0tkIAAAAAagxLHXqP5_twxyZTUAhUB7tJ8yEgZvGYpcT_55XAi-rlNvfjt3VQ6FyfpFC1-MmAFfLg0TqGxpaCgByvXn_xypD_8Pe14vArhB9n5Dz0uUh06k-6uPg-rNAluS-9qsC_pZhOHqcggvhq2SGSIacd10AQRItfX4t9YUDe_hwlFE8Ny_RyUfzPBNbF0XC0mZnr5IjjErQ5dKjQYhQOsVOvOU8Cv79XOk2zZ5pkBWG0kVBvjtnEsEckHdn0ZPkSwKDsky6IJr3_3AIJ0_OC3RwTw_8BNCmvsOmPhYYxRUgQteAgStDA1ivVN8zgrbgz55uzwfZHTafa29733_w-DS0CoqmWAnE","updateTime":"2026-05-19T10:35:57.721537Z","expireTime":"2026-10-16T10:35:54.497233Z"}
[info] ✔  added release notes successfully 
[info] i  distributing to testers/groups... 
[debug] [2026-05-19T10:35:57.649Z] Checked if tokens are valid: true, expires at: 1779190418830
[debug] [2026-05-19T10:35:57.649Z] Checked if tokens are valid: true, expires at: 1779190418830
[debug] [2026-05-19T10:35:57.649Z] >>> [apiv2][query] POST https://firebaseappdistribution.googleapis.com/v1/projects/634173336877/apps/1:634173336877:ios:74690155062764080b77a4/releases/6nvcn3fkak0ng:distribute [none]
[debug] [2026-05-19T10:35:57.649Z] >>> [apiv2][body] POST https://firebaseappdistribution.googleapis.com/v1/projects/634173336877/apps/1:634173336877:ios:74690155062764080b77a4/releases/6nvcn3fkak0ng:distribute {"testerEmails":[],"groupAliases":["beta"]}
[debug] [2026-05-19T10:35:59.551Z] <<< [apiv2][status] POST https://firebaseappdistribution.googleapis.com/v1/projects/634173336877/apps/1:634173336877:ios:74690155062764080b77a4/releases/6nvcn3fkak0ng:distribute 200
[debug] [2026-05-19T10:35:59.552Z] <<< [apiv2][body] POST https://firebaseappdistribution.googleapis.com/v1/projects/634173336877/apps/1:634173336877:ios:74690155062764080b77a4/releases/6nvcn3fkak0ng:distribute {}
[info] ✔  distributed to testers/groups successfully 
[debug] [2026-05-19T10:36:09.561Z] Error: Timed out.
    at Timeout._onTimeout (/opt/homebrew/Cellar/firebase-cli/15.15.0/libexec/lib/node_modules/firebase-tools/lib/utils.js:309:49)
    at listOnTimeout (node:internal/timers:605:17)
    at process.processTimers (node:internal/timers:541:7)
[error] 
[error] Error: An unexpected error has occurred.
